<?xml version="1.0" encoding="UTF-8"?>
<!-- Generated by org.testng.reporters.JUnitXMLReporter -->
<testsuite ignored="0" hostname="DESKTOP-UQP0FL8" failures="0" tests="8" name="Default test" time="0.523" errors="0" timestamp="2021-10-20T21:54:04 IST">
  <testcase classname="com.sgtesting.Testng.Assignments1" name="launchBrowser" time="0.153"/>
  <testcase classname="com.sgtesting.Testng.Assignments1" name="navigate" time="0.008"/>
  <testcase classname="com.sgtesting.Testng.Assignments1" name="login" time="0.027"/>
  <testcase classname="com.sgtesting.Testng.Assignments1" name="minimizeFlyOutWindow" time="0.012"/>
  <testcase classname="com.sgtesting.Testng.Assignments1" name="createUser" time="0.057"/>
  <testcase classname="com.sgtesting.Testng.Assignments1" name="deleteUser" time="0.016"/>
  <testcase classname="com.sgtesting.Testng.Assignments1" name="logout" time="0.022"/>
  <testcase classname="com.sgtesting.Testng.Assignments1" name="closeApplication" time="0.011"/>
</testsuite> <!-- Default test -->
